{
  "stats": {
    "suites": 1,
    "tests": 7,
    "passes": 7,
    "pending": 0,
    "failures": 0,
    "start": "2025-03-31T12:25:40.086Z",
    "end": "2025-03-31T12:25:40.731Z",
    "duration": 645,
    "testsRegistered": 7,
    "passPercent": 100,
    "pendingPercent": 0,
    "other": 0,
    "hasOther": false,
    "skipped": 0,
    "hasSkipped": false
  },
  "results": [
    {
      "uuid": "59f3ef74-67c4-4963-ab97-f4de3f49c485",
      "title": "",
      "fullFile": "cypress/e2e/weatherApi/currentWeather.cy.js",
      "file": "cypress/e2e/weatherApi/currentWeather.cy.js",
      "beforeHooks": [],
      "afterHooks": [],
      "tests": [],
      "suites": [
        {
          "uuid": "7e50de35-1cf9-42bd-a5a6-ad933f8c7eb1",
          "title": "Current Weather API Test",
          "fullFile": "",
          "file": "",
          "beforeHooks": [],
          "afterHooks": [],
          "tests": [
            {
              "title": "should return correct weather data with UK postcode SW1E5JL",
              "fullTitle": "Current Weather API Test should return correct weather data with UK postcode SW1E5JL",
              "timedOut": null,
              "duration": 156,
              "state": "passed",
              "speed": "fast",
              "pass": true,
              "fail": false,
              "pending": false,
              "context": null,
              "code": "cy.request({\n  method: 'GET',\n  url: `https://api.weatherapi.com/v1/current.json?q=SW1E5JL&key=${weatherApiToken}`,\n  headers: {\n    accept: 'application/json'\n  }\n}).then(response => {\n  expect(response.status).to.eq(200);\n  expect(response.body).to.have.property('location');\n  expect(response.body.location.name).to.eq('London');\n  expect(response.body.location.region).to.eq('London');\n  expect(response.body.location.country).to.eq('UK');\n  expect(response.body.location.tz_id).to.eq('Europe/London');\n  expect(response.body).to.have.property('current');\n  expect(response.body.current.condition.text).to.be.oneOf(['Sunny', 'Partly cloudy', 'Clear']);\n  expect(response.body.current.temp_c).to.be.a('number');\n  expect(response.body.current.wind_dir).to.eq('ENE');\n});",
              "err": {},
              "uuid": "0e3f5348-a20a-4223-b038-38ccc6ec9b8c",
              "parentUUID": "7e50de35-1cf9-42bd-a5a6-ad933f8c7eb1",
              "isHook": false,
              "skipped": false
            },
            {
              "title": "should return weather data for query: 90045",
              "fullTitle": "Current Weather API Test should return weather data for query: 90045",
              "timedOut": null,
              "duration": 58,
              "state": "passed",
              "speed": "fast",
              "pass": true,
              "fail": false,
              "pending": false,
              "context": null,
              "code": "cy.request({\n  method: 'GET',\n  url: `https://api.weatherapi.com/v1/current.json?q=${encodeURIComponent(query.q)}&key=${weatherApiToken}`,\n  headers: {\n    accept: 'application/json'\n  }\n}).then(response => {\n  expect(response.status).to.eq(200);\n  expect(response.body).to.have.property('location');\n  expect(response.body).to.have.property('current');\n  expect(response.body).to.be.jsonSchema(weatherSchema);\n});",
              "err": {},
              "uuid": "04cef65e-d9e7-4108-a502-6aeadc07eff0",
              "parentUUID": "7e50de35-1cf9-42bd-a5a6-ad933f8c7eb1",
              "isHook": false,
              "skipped": false
            },
            {
              "title": "should return weather data for query: M5V2Z2",
              "fullTitle": "Current Weather API Test should return weather data for query: M5V2Z2",
              "timedOut": null,
              "duration": 49,
              "state": "passed",
              "speed": "fast",
              "pass": true,
              "fail": false,
              "pending": false,
              "context": null,
              "code": "cy.request({\n  method: 'GET',\n  url: `https://api.weatherapi.com/v1/current.json?q=${encodeURIComponent(query.q)}&key=${weatherApiToken}`,\n  headers: {\n    accept: 'application/json'\n  }\n}).then(response => {\n  expect(response.status).to.eq(200);\n  expect(response.body).to.have.property('location');\n  expect(response.body).to.have.property('current');\n  expect(response.body).to.be.jsonSchema(weatherSchema);\n});",
              "err": {},
              "uuid": "22335954-0015-41ea-9360-203ed2f24f49",
              "parentUUID": "7e50de35-1cf9-42bd-a5a6-ad933f8c7eb1",
              "isHook": false,
              "skipped": false
            },
            {
              "title": "should return weather data for query: hampshire",
              "fullTitle": "Current Weather API Test should return weather data for query: hampshire",
              "timedOut": null,
              "duration": 78,
              "state": "passed",
              "speed": "fast",
              "pass": true,
              "fail": false,
              "pending": false,
              "context": null,
              "code": "cy.request({\n  method: 'GET',\n  url: `https://api.weatherapi.com/v1/current.json?q=${encodeURIComponent(query.q)}&key=${weatherApiToken}`,\n  headers: {\n    accept: 'application/json'\n  }\n}).then(response => {\n  expect(response.status).to.eq(200);\n  expect(response.body).to.have.property('location');\n  expect(response.body).to.have.property('current');\n  expect(response.body).to.be.jsonSchema(weatherSchema);\n});",
              "err": {},
              "uuid": "3e60bc97-1583-4fc8-848c-633c79e7402f",
              "parentUUID": "7e50de35-1cf9-42bd-a5a6-ad933f8c7eb1",
              "isHook": false,
              "skipped": false
            },
            {
              "title": "should return weather data for query: 90.202.148.160",
              "fullTitle": "Current Weather API Test should return weather data for query: 90.202.148.160",
              "timedOut": null,
              "duration": 54,
              "state": "passed",
              "speed": "fast",
              "pass": true,
              "fail": false,
              "pending": false,
              "context": null,
              "code": "cy.request({\n  method: 'GET',\n  url: `https://api.weatherapi.com/v1/current.json?q=${encodeURIComponent(query.q)}&key=${weatherApiToken}`,\n  headers: {\n    accept: 'application/json'\n  }\n}).then(response => {\n  expect(response.status).to.eq(200);\n  expect(response.body).to.have.property('location');\n  expect(response.body).to.have.property('current');\n  expect(response.body).to.be.jsonSchema(weatherSchema);\n});",
              "err": {},
              "uuid": "b98e49c1-f946-4027-bc95-cf883cf5a08d",
              "parentUUID": "7e50de35-1cf9-42bd-a5a6-ad933f8c7eb1",
              "isHook": false,
              "skipped": false
            },
            {
              "title": "should return weather data for query: 51.26249, -1.08708",
              "fullTitle": "Current Weather API Test should return weather data for query: 51.26249, -1.08708",
              "timedOut": null,
              "duration": 66,
              "state": "passed",
              "speed": "fast",
              "pass": true,
              "fail": false,
              "pending": false,
              "context": null,
              "code": "cy.request({\n  method: 'GET',\n  url: `https://api.weatherapi.com/v1/current.json?q=${encodeURIComponent(query.q)}&key=${weatherApiToken}`,\n  headers: {\n    accept: 'application/json'\n  }\n}).then(response => {\n  expect(response.status).to.eq(200);\n  expect(response.body).to.have.property('location');\n  expect(response.body).to.have.property('current');\n  expect(response.body).to.be.jsonSchema(weatherSchema);\n});",
              "err": {},
              "uuid": "3d1e1d6b-429e-4832-a11e-b90f624b06df",
              "parentUUID": "7e50de35-1cf9-42bd-a5a6-ad933f8c7eb1",
              "isHook": false,
              "skipped": false
            },
            {
              "title": "should return error for invalid location query",
              "fullTitle": "Current Weather API Test should return error for invalid location query",
              "timedOut": null,
              "duration": 84,
              "state": "passed",
              "speed": "fast",
              "pass": true,
              "fail": false,
              "pending": false,
              "context": null,
              "code": "cy.request({\n  method: 'GET',\n  url: `https://api.weatherapi.com/v1/current.json?q=$£$dsd&key=${weatherApiToken}`,\n  headers: {\n    accept: 'application/json'\n  },\n  failOnStatusCode: false\n}).then(response => {\n  expect(response.status).to.eq(400);\n  expect(response.body).to.have.property('error');\n  expect(response.body.error.code).to.eq(1006);\n  expect(response.body.error.message).to.eq('No matching location found.');\n});",
              "err": {},
              "uuid": "c78f602b-8fa9-4933-b885-e09401809638",
              "parentUUID": "7e50de35-1cf9-42bd-a5a6-ad933f8c7eb1",
              "isHook": false,
              "skipped": false
            }
          ],
          "suites": [],
          "passes": [
            "0e3f5348-a20a-4223-b038-38ccc6ec9b8c",
            "04cef65e-d9e7-4108-a502-6aeadc07eff0",
            "22335954-0015-41ea-9360-203ed2f24f49",
            "3e60bc97-1583-4fc8-848c-633c79e7402f",
            "b98e49c1-f946-4027-bc95-cf883cf5a08d",
            "3d1e1d6b-429e-4832-a11e-b90f624b06df",
            "c78f602b-8fa9-4933-b885-e09401809638"
          ],
          "failures": [],
          "pending": [],
          "skipped": [],
          "duration": 545,
          "root": false,
          "rootEmpty": false,
          "_timeout": 2000
        }
      ],
      "passes": [],
      "failures": [],
      "pending": [],
      "skipped": [],
      "duration": 0,
      "root": true,
      "rootEmpty": true,
      "_timeout": 2000
    }
  ],
  "meta": {
    "mocha": {
      "version": "7.0.1"
    },
    "mochawesome": {
      "options": {
        "quiet": false,
        "reportFilename": "mochawesome",
        "saveHtml": true,
        "saveJson": true,
        "consoleReporter": "spec",
        "useInlineDiffs": false,
        "code": true
      },
      "version": "7.1.3"
    },
    "marge": {
      "options": {
        "reportDir": "cypress/reports",
        "overwrite": false,
        "html": true,
        "json": true
      },
      "version": "6.2.0"
    }
  }
}