{
  "stats": {
    "suites": 1,
    "tests": 7,
    "passes": 7,
    "pending": 0,
    "failures": 0,
    "start": "2025-03-31T12:26:17.412Z",
    "end": "2025-03-31T12:26:17.862Z",
    "duration": 450,
    "testsRegistered": 7,
    "passPercent": 100,
    "pendingPercent": 0,
    "other": 0,
    "hasOther": false,
    "skipped": 0,
    "hasSkipped": false
  },
  "results": [
    {
      "uuid": "8a1f37f8-c914-48c4-82e4-88b951952b0e",
      "title": "",
      "fullFile": "cypress/e2e/weatherApi/timezoneWeather.cy.js",
      "file": "cypress/e2e/weatherApi/timezoneWeather.cy.js",
      "beforeHooks": [],
      "afterHooks": [],
      "tests": [],
      "suites": [
        {
          "uuid": "38375b57-d130-48ee-9211-92974ea243a9",
          "title": "Timezone Weather API Test",
          "fullFile": "",
          "file": "",
          "beforeHooks": [],
          "afterHooks": [],
          "tests": [
            {
              "title": "should return correct timezone weather data with UK postcode SW1E5JL",
              "fullTitle": "Timezone Weather API Test should return correct timezone weather data with UK postcode SW1E5JL",
              "timedOut": null,
              "duration": 72,
              "state": "passed",
              "speed": "fast",
              "pass": true,
              "fail": false,
              "pending": false,
              "context": null,
              "code": "cy.request({\n  method: 'GET',\n  url: `https://api.weatherapi.com/v1/timezone.json?q=SW1E5JL&key=${weatherApiToken}`,\n  headers: {\n    accept: 'application/json'\n  }\n}).then(response => {\n  expect(response.status).to.eq(200);\n  expect(response.body).to.have.property('location');\n  const location = response.body.location;\n  expect(location.name).to.eq('London');\n  expect(location.region).to.eq('London');\n  expect(location.country).to.eq('UK');\n  expect(location.lat).to.eq(51.4970016479492);\n  expect(location.lon).to.eq(-0.137999996542931);\n  // expect(location.localtime_epoch).to.eq(1743410712);\n  expect(location.tz_id).to.eq('Europe/London');\n});",
              "err": {},
              "uuid": "1d66792a-b34e-4613-9c58-682d66f85559",
              "parentUUID": "38375b57-d130-48ee-9211-92974ea243a9",
              "isHook": false,
              "skipped": false
            },
            {
              "title": "should return correct timezone weather data with Canada postcode M5V2Z2",
              "fullTitle": "Timezone Weather API Test should return correct timezone weather data with Canada postcode M5V2Z2",
              "timedOut": null,
              "duration": 51,
              "state": "passed",
              "speed": "fast",
              "pass": true,
              "fail": false,
              "pending": false,
              "context": null,
              "code": "cy.request({\n  method: 'GET',\n  url: `https://api.weatherapi.com/v1/timezone.json?q=M5V2Z2&key=${weatherApiToken}`,\n  headers: {\n    accept: 'application/json'\n  }\n}).then(response => {\n  expect(response.status).to.eq(200);\n  expect(response.body).to.have.property('location');\n  const location = response.body.location;\n  expect(location.name).to.eq('Toronto');\n  expect(location.region).to.eq('');\n  expect(location.country).to.eq('Canada');\n  expect(location.lat).to.eq(43.6514015197754);\n  expect(location.lon).to.eq(-79.3825988769531);\n  // expect(location.localtime_epoch).to.eq(1743411334);\n  expect(location.tz_id).to.eq('America/Toronto');\n});",
              "err": {},
              "uuid": "c849cd3e-aa1f-42e1-918d-5c8c32c2aaf8",
              "parentUUID": "38375b57-d130-48ee-9211-92974ea243a9",
              "isHook": false,
              "skipped": false
            },
            {
              "title": "should return correct timezone weather data with US postcode 90045",
              "fullTitle": "Timezone Weather API Test should return correct timezone weather data with US postcode 90045",
              "timedOut": null,
              "duration": 41,
              "state": "passed",
              "speed": "fast",
              "pass": true,
              "fail": false,
              "pending": false,
              "context": null,
              "code": "cy.request({\n  method: 'GET',\n  url: `https://api.weatherapi.com/v1/timezone.json?q=90045&key=${weatherApiToken}`,\n  headers: {\n    accept: 'application/json'\n  }\n}).then(response => {\n  expect(response.status).to.eq(200);\n  expect(response.body).to.have.property('location');\n  const location = response.body.location;\n  expect(location.name).to.eq('Los Angeles');\n  expect(location.region).to.eq('California');\n  expect(location.country).to.eq('USA');\n  expect(location.lat).to.eq(33.9631004333496);\n  expect(location.lon).to.eq(-118.393997192383);\n  // expect(location.localtime_epoch).to.eq(1743411334);\n  expect(location.tz_id).to.eq('America/Los_Angeles');\n});",
              "err": {},
              "uuid": "dcad3ebd-50cd-46e1-a57c-ae6c48bb85fc",
              "parentUUID": "38375b57-d130-48ee-9211-92974ea243a9",
              "isHook": false,
              "skipped": false
            },
            {
              "title": "should return weather data for query: basingstoke",
              "fullTitle": "Timezone Weather API Test should return weather data for query: basingstoke",
              "timedOut": null,
              "duration": 39,
              "state": "passed",
              "speed": "fast",
              "pass": true,
              "fail": false,
              "pending": false,
              "context": null,
              "code": "cy.request({\n  method: 'GET',\n  url: `https://api.weatherapi.com/v1/timezone.json?q=${encodeURIComponent(query.q)}&key=${weatherApiToken}`,\n  headers: {\n    accept: 'application/json'\n  }\n}).then(response => {\n  expect(response.status).to.eq(200);\n  expect(response.body).to.have.property('location');\n  const location = response.body.location;\n  expect(location.region).to.eq('Hampshire');\n  expect(location.country).to.eq('United Kingdom');\n  expect(location.tz_id).to.eq('Europe/London');\n});",
              "err": {},
              "uuid": "94493cca-ac18-468c-888c-5ab1829be122",
              "parentUUID": "38375b57-d130-48ee-9211-92974ea243a9",
              "isHook": false,
              "skipped": false
            },
            {
              "title": "should return weather data for query: 90.202.148.160",
              "fullTitle": "Timezone Weather API Test should return weather data for query: 90.202.148.160",
              "timedOut": null,
              "duration": 45,
              "state": "passed",
              "speed": "fast",
              "pass": true,
              "fail": false,
              "pending": false,
              "context": null,
              "code": "cy.request({\n  method: 'GET',\n  url: `https://api.weatherapi.com/v1/timezone.json?q=${encodeURIComponent(query.q)}&key=${weatherApiToken}`,\n  headers: {\n    accept: 'application/json'\n  }\n}).then(response => {\n  expect(response.status).to.eq(200);\n  expect(response.body).to.have.property('location');\n  const location = response.body.location;\n  expect(location.region).to.eq('Hampshire');\n  expect(location.country).to.eq('United Kingdom');\n  expect(location.tz_id).to.eq('Europe/London');\n});",
              "err": {},
              "uuid": "ca39d44a-9f77-40be-ba01-bcdf528c7243",
              "parentUUID": "38375b57-d130-48ee-9211-92974ea243a9",
              "isHook": false,
              "skipped": false
            },
            {
              "title": "should return weather data for query: 51.26249, -1.08708",
              "fullTitle": "Timezone Weather API Test should return weather data for query: 51.26249, -1.08708",
              "timedOut": null,
              "duration": 42,
              "state": "passed",
              "speed": "fast",
              "pass": true,
              "fail": false,
              "pending": false,
              "context": null,
              "code": "cy.request({\n  method: 'GET',\n  url: `https://api.weatherapi.com/v1/timezone.json?q=${encodeURIComponent(query.q)}&key=${weatherApiToken}`,\n  headers: {\n    accept: 'application/json'\n  }\n}).then(response => {\n  expect(response.status).to.eq(200);\n  expect(response.body).to.have.property('location');\n  const location = response.body.location;\n  expect(location.region).to.eq('Hampshire');\n  expect(location.country).to.eq('United Kingdom');\n  expect(location.tz_id).to.eq('Europe/London');\n});",
              "err": {},
              "uuid": "711e6088-2ebc-4009-a653-f3300ad4b6cd",
              "parentUUID": "38375b57-d130-48ee-9211-92974ea243a9",
              "isHook": false,
              "skipped": false
            },
            {
              "title": "should return error for invalid location query",
              "fullTitle": "Timezone Weather API Test should return error for invalid location query",
              "timedOut": null,
              "duration": 58,
              "state": "passed",
              "speed": "fast",
              "pass": true,
              "fail": false,
              "pending": false,
              "context": null,
              "code": "cy.request({\n  method: 'GET',\n  url: `https://api.weatherapi.com/v1/timezone.json?q=324234&key=${weatherApiToken}`,\n  headers: {\n    accept: 'application/json'\n  },\n  failOnStatusCode: false\n}).then(response => {\n  expect(response.status).to.eq(400);\n  expect(response.body).to.have.property('error');\n  expect(response.body.error.code).to.eq(1006);\n  expect(response.body.error.message).to.eq('No matching location found.');\n});",
              "err": {},
              "uuid": "f209d7e0-7bcc-47a5-bcc0-9806688670c3",
              "parentUUID": "38375b57-d130-48ee-9211-92974ea243a9",
              "isHook": false,
              "skipped": false
            }
          ],
          "suites": [],
          "passes": [
            "1d66792a-b34e-4613-9c58-682d66f85559",
            "c849cd3e-aa1f-42e1-918d-5c8c32c2aaf8",
            "dcad3ebd-50cd-46e1-a57c-ae6c48bb85fc",
            "94493cca-ac18-468c-888c-5ab1829be122",
            "ca39d44a-9f77-40be-ba01-bcdf528c7243",
            "711e6088-2ebc-4009-a653-f3300ad4b6cd",
            "f209d7e0-7bcc-47a5-bcc0-9806688670c3"
          ],
          "failures": [],
          "pending": [],
          "skipped": [],
          "duration": 348,
          "root": false,
          "rootEmpty": false,
          "_timeout": 2000
        }
      ],
      "passes": [],
      "failures": [],
      "pending": [],
      "skipped": [],
      "duration": 0,
      "root": true,
      "rootEmpty": true,
      "_timeout": 2000
    }
  ],
  "meta": {
    "mocha": {
      "version": "7.0.1"
    },
    "mochawesome": {
      "options": {
        "quiet": false,
        "reportFilename": "mochawesome",
        "saveHtml": true,
        "saveJson": true,
        "consoleReporter": "spec",
        "useInlineDiffs": false,
        "code": true
      },
      "version": "7.1.3"
    },
    "marge": {
      "options": {
        "reportDir": "cypress/reports",
        "overwrite": false,
        "html": true,
        "json": true
      },
      "version": "6.2.0"
    }
  }
}