{
  "stats": {
    "suites": 1,
    "tests": 2,
    "passes": 2,
    "pending": 0,
    "failures": 0,
    "start": "2025-03-31T12:26:08.592Z",
    "end": "2025-03-31T12:26:13.115Z",
    "duration": 4523,
    "testsRegistered": 2,
    "passPercent": 100,
    "pendingPercent": 0,
    "other": 0,
    "hasOther": false,
    "skipped": 0,
    "hasSkipped": false
  },
  "results": [
    {
      "uuid": "fe669881-d6eb-4635-90cb-6e16bc2b6f7c",
      "title": "",
      "fullFile": "cypress/e2e/saucedemo.cy.js",
      "file": "cypress/e2e/saucedemo.cy.js",
      "beforeHooks": [],
      "afterHooks": [],
      "tests": [],
      "suites": [
        {
          "uuid": "12d1e43c-b71d-49c5-8a58-49faa6526d0d",
          "title": "Sauce Lab E2E Flow",
          "fullFile": "",
          "file": "",
          "beforeHooks": [],
          "afterHooks": [],
          "tests": [
            {
              "title": "login succcessfully without remember me ticked",
              "fullTitle": "Sauce Lab E2E Flow login succcessfully without remember me ticked",
              "timedOut": null,
              "duration": 1372,
              "state": "passed",
              "speed": "fast",
              "pass": true,
              "fail": false,
              "pending": false,
              "context": null,
              "code": "cy.loginSuccessfullyIntoSauceLab(username, password);\ncy.url().should(\"contain\", \"https://www.saucedemo.com/inventory.html\");",
              "err": {},
              "uuid": "19dc8c76-d1d2-4e2f-9f42-3d82b2f6cc35",
              "parentUUID": "12d1e43c-b71d-49c5-8a58-49faa6526d0d",
              "isHook": false,
              "skipped": false
            },
            {
              "title": "add sauce labs backpack to the shopping cart successfully",
              "fullTitle": "Sauce Lab E2E Flow add sauce labs backpack to the shopping cart successfully",
              "timedOut": null,
              "duration": 1179,
              "state": "passed",
              "speed": "fast",
              "pass": true,
              "fail": false,
              "pending": false,
              "context": null,
              "code": "// Login successfully\ncy.loginSuccessfullyIntoSauceLab(username, password);\ncy.url().should(\"contain\", \"https://www.saucedemo.com/inventory.html\");\n// Add Sauce Labs Backpack to shopping cart\ncy.addSauceLabBackPackToShoppingCart();\ncy.get(_selectors.productList.inventoryItemPrice).should('be.visible').and('contain', '$29.99');\ncy.get(_selectors.productList.addToCartButton).should(\"not.exist\");\ncy.get(_selectors.productList.removeSauceLabBackPackButton).should(\"be.visible\");\n// View the shopping cart\ncy.clickToViewShoppingCart();\ncy.get(_selectors.productList.inventoryItemName).should(\"contain\", \"Sauce Labs Backpack\");\ncy.get('.inventory_item_price').should('be.visible').then($price => {\n  const priceText = $price.text();\n  try {\n    expect(priceText).to.include('$');\n    const priceValue = parseFloat(priceText.replace('$', ''));\n    expect(priceValue).to.be.lessThan(50);\n  } catch (error) {\n    cy.log('Price validation failed: ' + error.message);\n    throw error;\n  }\n});\ncy.get(_selectors.shoppingCart.checkoutButton).should(\"be.visible\");\ncy.get(_selectors.shoppingCart.removeButton).should(\"be.visible\");\ncy.get(_selectors.shoppingCart.continueButton).should(\"be.visible\");",
              "err": {},
              "uuid": "94b908fb-d228-4e0d-9efe-bef6d73d96bf",
              "parentUUID": "12d1e43c-b71d-49c5-8a58-49faa6526d0d",
              "isHook": false,
              "skipped": false
            }
          ],
          "suites": [],
          "passes": [
            "19dc8c76-d1d2-4e2f-9f42-3d82b2f6cc35",
            "94b908fb-d228-4e0d-9efe-bef6d73d96bf"
          ],
          "failures": [],
          "pending": [],
          "skipped": [],
          "duration": 2551,
          "root": false,
          "rootEmpty": false,
          "_timeout": 2000
        }
      ],
      "passes": [],
      "failures": [],
      "pending": [],
      "skipped": [],
      "duration": 0,
      "root": true,
      "rootEmpty": true,
      "_timeout": 2000
    }
  ],
  "meta": {
    "mocha": {
      "version": "7.0.1"
    },
    "mochawesome": {
      "options": {
        "quiet": false,
        "reportFilename": "mochawesome",
        "saveHtml": true,
        "saveJson": true,
        "consoleReporter": "spec",
        "useInlineDiffs": false,
        "code": true
      },
      "version": "7.1.3"
    },
    "marge": {
      "options": {
        "reportDir": "cypress/reports",
        "overwrite": false,
        "html": true,
        "json": true
      },
      "version": "6.2.0"
    }
  }
}